#-----------------------------------------------------------
# Vivado v2021.1 (64-bit)
# SW Build 3247384 on Thu Jun 10 19:36:33 MDT 2021
# IP Build 3246043 on Fri Jun 11 00:30:35 MDT 2021
# Start of session at: Mon Nov 21 12:15:07 2022
# Process ID: 4688
# Current directory: C:/fpga-8-bit-processor/fpga-8-bit-processor
# Command line: vivado.exe -gui_launcher_event rodinguilauncherevent17836 C:\fpga-8-bit-processor\fpga-8-bit-processor\fpga-8-bit-processor.xpr
# Log file: C:/fpga-8-bit-processor/fpga-8-bit-processor/vivado.log
# Journal file: C:/fpga-8-bit-processor/fpga-8-bit-processor\vivado.jou
#-----------------------------------------------------------
start_gui
open_project C:/fpga-8-bit-processor/fpga-8-bit-processor/fpga-8-bit-processor.xpr
WARNING: [filemgmt 56-3] Default IP Output Path : Could not find the directory 'C:/fpga-8-bit-processor/fpga-8-bit-processor/fpga-8-bit-processor.gen/sources_1'.
Scanning sources...
Finished scanning sources
INFO: [IP_Flow 19-234] Refreshing IP repositories
INFO: [IP_Flow 19-1704] No user IP repositories specified
INFO: [IP_Flow 19-2313] Loaded Vivado IP repository 'C:/Xilinx/Vivado/2021.1/data/ip'.
update_compile_order -fileset sources_1
export_ip_user_files -of_objects  [get_files C:/fpga-8-bit-processor/fpga-8-bit-processor/fpga-8-bit-processor.srcs/sources_1/new/alu.v] -no_script -reset -force -quiet
remove_files  C:/fpga-8-bit-processor/fpga-8-bit-processor/fpga-8-bit-processor.srcs/sources_1/new/alu.v
close [ open C:/fpga-8-bit-processor/fpga-8-bit-processor/fpga-8-bit-processor.srcs/sources_1/new/EX.v w ]
add_files C:/fpga-8-bit-processor/fpga-8-bit-processor/fpga-8-bit-processor.srcs/sources_1/new/EX.v
export_ip_user_files -of_objects  [get_files C:/fpga-8-bit-processor/fpga-8-bit-processor/fpga-8-bit-processor.srcs/sim_1/new/tb_alu.v] -no_script -reset -force -quiet
remove_files  -fileset sim_1 C:/fpga-8-bit-processor/fpga-8-bit-processor/fpga-8-bit-processor.srcs/sim_1/new/tb_alu.v
close [ open C:/fpga-8-bit-processor/fpga-8-bit-processor/fpga-8-bit-processor.srcs/sources_1/new/parameters.v w ]
add_files C:/fpga-8-bit-processor/fpga-8-bit-processor/fpga-8-bit-processor.srcs/sources_1/new/parameters.v
update_compile_order -fileset sources_1
update_compile_order -fileset sources_1
exit
INFO: [Common 17-206] Exiting Vivado at Mon Nov 21 15:12:12 2022...
